Arguments: 
  C:\Program Files\nodejs\node.exe C:\Users\PG\AppData\Roaming\npm\node_modules\yarn\bin\yarn.js add cors express dotenv mongoose validator jsonwebtoken

PATH: 
  C:\Users\PG\bin;C:\Program Files\Git\mingw64\bin;C:\Program Files\Git\usr\local\bin;C:\Program Files\Git\usr\bin;C:\Program Files\Git\usr\bin;C:\Program Files\Git\mingw64\bin;C:\Program Files\Git\usr\bin;C:\Users\PG\bin;C:\Program Files (x86)\Common Files\Oracle\Java\javapath;C:\MinGW\bin;C:\Windows\system32;C:\Windows;C:\Windows\System32\Wbem;C:\Windows\System32\WindowsPowerShell\v1.0;C:\Windows\System32\OpenSSH;C:\ProgramData\chocolatey\bin;C:\Program Files\Git\cmd;D:\Programs\bin;C:\Program Files\Java\jdk-12.0.2\bin;D:\Programs\msys\1.0\bin;C:\Program Files\nodejs;C:\Program Files\MongoDB\Server\6.0\bin;C:\Users\PG\AppData\Local\Programs\Python\Python310\Scripts;C:\Users\PG\AppData\Local\Programs\Python\Python310;C:\Users\PG\AppData\Local\Microsoft\WindowsApps;C:\Users\PG\AppData\Local\Programs\Microsoft VS Code\bin;C:\Users\PG\AppData\Local\Programs\Hyper\resources\bin;C:\Users\PG\AppData\Roaming\npm;C:\Program Files\heroku\bin;C:\Users\PG\AppData\Local\Programs\mongosh;C:\Program Files\Git\usr\bin\vendor_perl;C:\Program Files\Git\usr\bin\core_perl

Yarn version: 
  1.22.19

Node version: 
  16.17.0

Platform: 
  win32 x64

Trace: 
  Error: connect EHOSTUNREACH 104.16.24.35:443
      at TCPConnectWrap.afterConnect [as oncomplete] (node:net:1247:16)

npm manifest: 
  {
    "name": "Assignment-1",
    "version": "1.0.0",
    "main": "index.js",
    "license": "MIT"
  }

yarn manifest: 
  No manifest

Lockfile: 
  No lockfile
